2026-05-19T00:31:15.766-04:00  INFO 32836 --- [arena-inventory] [main] c.e.a.ArenaInventoryApplicationTests     : Starting ArenaInventoryApplicationTests using Java 25 with PID 32836 (started by mipip in C:\Users\mipip\IdeaProjects\Arena-Gamer\arena-inventory)
2026-05-19T00:31:15.767-04:00 DEBUG 32836 --- [arena-inventory] [main] c.e.a.ArenaInventoryApplicationTests     : Running with Spring Boot v3.2.0, Spring v6.1.1
2026-05-19T00:31:15.768-04:00  INFO 32836 --- [arena-inventory] [main] c.e.a.ArenaInventoryApplicationTests     : The following 1 profile is active: "h2"
2026-05-19T00:31:16.832-04:00  INFO 32836 --- [arena-inventory] [main] .s.d.r.c.RepositoryConfigurationDelegate : Bootstrapping Spring Data JPA repositories in DEFAULT mode.
2026-05-19T00:31:16.879-04:00  INFO 32836 --- [arena-inventory] [main] .s.d.r.c.RepositoryConfigurationDelegate : Finished Spring Data repository scanning in 38 ms. Found 1 JPA repository interface.
2026-05-19T00:31:17.314-04:00  INFO 32836 --- [arena-inventory] [main] o.s.cloud.context.scope.GenericScope     : BeanFactory id=3108835c-0ff1-3e75-8941-6fc0329932c3
2026-05-19T00:31:17.988-04:00  INFO 32836 --- [arena-inventory] [main] o.hibernate.jpa.internal.util.LogHelper  : HHH000204: Processing PersistenceUnitInfo [name: default]
2026-05-19T00:31:18.157-04:00  INFO 32836 --- [arena-inventory] [main] org.hibernate.Version                    : HHH000412: Hibernate ORM core version 6.3.1.Final
2026-05-19T00:31:18.239-04:00  INFO 32836 --- [arena-inventory] [main] o.h.c.internal.RegionFactoryInitiator    : HHH000026: Second-level cache disabled
2026-05-19T00:31:18.651-04:00  INFO 32836 --- [arena-inventory] [main] o.s.o.j.p.SpringPersistenceUnitInfo      : No LoadTimeWeaver setup: ignoring JPA class transformer
2026-05-19T00:31:18.675-04:00  INFO 32836 --- [arena-inventory] [main] com.zaxxer.hikari.HikariDataSource       : HikariPool-1 - Starting...
2026-05-19T00:31:18.848-04:00  INFO 32836 --- [arena-inventory] [main] com.zaxxer.hikari.pool.HikariPool        : HikariPool-1 - Added connection conn0: url=jdbc:h2:mem:inventory_db user=SA
2026-05-19T00:31:18.851-04:00  INFO 32836 --- [arena-inventory] [main] com.zaxxer.hikari.HikariDataSource       : HikariPool-1 - Start completed.
2026-05-19T00:31:18.873-04:00  WARN 32836 --- [arena-inventory] [main] org.hibernate.orm.deprecation            : HHH90000025: H2Dialect does not need to be specified explicitly using 'hibernate.dialect' (remove the property setting and it will be selected by default)
2026-05-19T00:31:19.569-04:00  INFO 32836 --- [arena-inventory] [main] o.h.e.t.j.p.i.JtaPlatformInitiator       : HHH000489: No JTA platform available (set 'hibernate.transaction.jta.platform' to enable JTA platform integration)
2026-05-19T00:31:19.626-04:00  INFO 32836 --- [arena-inventory] [main] j.LocalContainerEntityManagerFactoryBean : Initialized JPA EntityManagerFactory for persistence unit 'default'
2026-05-19T00:31:20.781-04:00  WARN 32836 --- [arena-inventory] [main] JpaBaseConfiguration$JpaWebConfiguration : spring.jpa.open-in-view is enabled by default. Therefore, database queries may be performed during view rendering. Explicitly configure spring.jpa.open-in-view to disable this warning
2026-05-19T00:31:22.603-04:00  INFO 32836 --- [arena-inventory] [main] o.s.b.a.h2.H2ConsoleAutoConfiguration    : H2 console available at '/h2-console'. Database available at 'jdbc:h2:mem:inventory_db'
2026-05-19T00:31:22.908-04:00  INFO 32836 --- [arena-inventory] [main] c.e.a.ArenaInventoryApplicationTests     : Started ArenaInventoryApplicationTests in 7.574 seconds (process running for 8.397)
2026-05-19T00:31:23.788-04:00  INFO 32836 --- [arena-inventory] [SpringApplicationShutdownHook] j.LocalContainerEntityManagerFactoryBean : Closing JPA EntityManagerFactory for persistence unit 'default'
2026-05-19T00:31:23.790-04:00  INFO 32836 --- [arena-inventory] [SpringApplicationShutdownHook] com.zaxxer.hikari.HikariDataSource       : HikariPool-1 - Shutdown initiated...
2026-05-19T00:31:23.795-04:00  INFO 32836 --- [arena-inventory] [SpringApplicationShutdownHook] com.zaxxer.hikari.HikariDataSource       : HikariPool-1 - Shutdown completed.
