2026-07-13T21:16:06.363-04:00  INFO 12792 --- [arena-reservas] [main] c.e.a.ArenaReservasApplicationTests      : Starting ArenaReservasApplicationTests using Java 21.0.10 with PID 12792 (started by pc gamer in C:\Users\pc gamer\Documents\Arena-Gamer\arena-reservas)
2026-07-13T21:16:06.367-04:00 DEBUG 12792 --- [arena-reservas] [main] c.e.a.ArenaReservasApplicationTests      : Running with Spring Boot v3.2.0, Spring v6.1.1
2026-07-13T21:16:06.369-04:00  INFO 12792 --- [arena-reservas] [main] c.e.a.ArenaReservasApplicationTests      : The following 1 profile is active: "h2"
2026-07-13T21:16:07.234-04:00  INFO 12792 --- [arena-reservas] [main] .s.d.r.c.RepositoryConfigurationDelegate : Bootstrapping Spring Data JPA repositories in DEFAULT mode.
2026-07-13T21:16:07.277-04:00  INFO 12792 --- [arena-reservas] [main] .s.d.r.c.RepositoryConfigurationDelegate : Finished Spring Data repository scanning in 38 ms. Found 2 JPA repository interfaces.
2026-07-13T21:16:07.580-04:00  INFO 12792 --- [arena-reservas] [main] o.s.cloud.context.scope.GenericScope     : BeanFactory id=239a7037-361d-3d0f-b33d-d62cf3f2f9de
2026-07-13T21:16:08.108-04:00  INFO 12792 --- [arena-reservas] [main] o.hibernate.jpa.internal.util.LogHelper  : HHH000204: Processing PersistenceUnitInfo [name: default]
2026-07-13T21:16:08.163-04:00  INFO 12792 --- [arena-reservas] [main] org.hibernate.Version                    : HHH000412: Hibernate ORM core version 6.3.1.Final
2026-07-13T21:16:08.197-04:00  INFO 12792 --- [arena-reservas] [main] o.h.c.internal.RegionFactoryInitiator    : HHH000026: Second-level cache disabled
2026-07-13T21:16:08.403-04:00  INFO 12792 --- [arena-reservas] [main] o.s.o.j.p.SpringPersistenceUnitInfo      : No LoadTimeWeaver setup: ignoring JPA class transformer
2026-07-13T21:16:08.427-04:00  INFO 12792 --- [arena-reservas] [main] com.zaxxer.hikari.HikariDataSource       : HikariPool-1 - Starting...
2026-07-13T21:16:08.567-04:00  INFO 12792 --- [arena-reservas] [main] com.zaxxer.hikari.pool.HikariPool        : HikariPool-1 - Added connection conn0: url=jdbc:h2:mem:reservas_db user=SA
2026-07-13T21:16:08.568-04:00  INFO 12792 --- [arena-reservas] [main] com.zaxxer.hikari.HikariDataSource       : HikariPool-1 - Start completed.
2026-07-13T21:16:08.586-04:00  WARN 12792 --- [arena-reservas] [main] org.hibernate.orm.deprecation            : HHH90000025: H2Dialect does not need to be specified explicitly using 'hibernate.dialect' (remove the property setting and it will be selected by default)
2026-07-13T21:16:09.220-04:00  INFO 12792 --- [arena-reservas] [main] o.h.e.t.j.p.i.JtaPlatformInitiator       : HHH000489: No JTA platform available (set 'hibernate.transaction.jta.platform' to enable JTA platform integration)
2026-07-13T21:16:09.275-04:00  INFO 12792 --- [arena-reservas] [main] j.LocalContainerEntityManagerFactoryBean : Initialized JPA EntityManagerFactory for persistence unit 'default'
2026-07-13T21:16:09.912-04:00  WARN 12792 --- [arena-reservas] [main] JpaBaseConfiguration$JpaWebConfiguration : spring.jpa.open-in-view is enabled by default. Therefore, database queries may be performed during view rendering. Explicitly configure spring.jpa.open-in-view to disable this warning
2026-07-13T21:16:11.042-04:00  INFO 12792 --- [arena-reservas] [main] o.s.b.a.h2.H2ConsoleAutoConfiguration    : H2 console available at '/h2-console'. Database available at 'jdbc:h2:mem:reservas_db'
2026-07-13T21:16:11.249-04:00  INFO 12792 --- [arena-reservas] [main] c.e.a.ArenaReservasApplicationTests      : Started ArenaReservasApplicationTests in 5.204 seconds (process running for 6.001)
2026-07-13T21:16:12.342-04:00  INFO 12792 --- [arena-reservas] [main] c.e.a.service.ReservaService             : [RESERVAS] Reserva id=1 cambió estado: NUEVA → CONFIRMADA
2026-07-13T21:16:12.343-04:00  INFO 12792 --- [arena-reservas] [main] c.e.a.service.ReservaService             : [RESERVAS] Stock descontado en inventory para productoId=10
2026-07-13T21:16:12.361-04:00  INFO 12792 --- [arena-reservas] [main] c.e.a.service.ReservaService             : [RESERVAS] Reserva creada id=100 para usuario=1 en estacion=10 fecha=2026-07-18
2026-07-13T21:16:12.396-04:00  INFO 12792 --- [arena-reservas] [SpringApplicationShutdownHook] j.LocalContainerEntityManagerFactoryBean : Closing JPA EntityManagerFactory for persistence unit 'default'
2026-07-13T21:16:12.397-04:00  INFO 12792 --- [arena-reservas] [SpringApplicationShutdownHook] com.zaxxer.hikari.HikariDataSource       : HikariPool-1 - Shutdown initiated...
2026-07-13T21:16:12.400-04:00  INFO 12792 --- [arena-reservas] [SpringApplicationShutdownHook] com.zaxxer.hikari.HikariDataSource       : HikariPool-1 - Shutdown completed.
