2026-05-19T00:16:14.851-04:00  WARN 11136 --- [user-service] [HikariPool-1 housekeeper] com.zaxxer.hikari.pool.HikariPool        : HikariPool-1 - Thread starvation or clock leap detected (housekeeper delta=5h29m7s772ms646µs700ns).
2026-05-19T00:17:22.110-04:00  INFO 11136 --- [user-service] [SpringApplicationShutdownHook] j.LocalContainerEntityManagerFactoryBean : Closing JPA EntityManagerFactory for persistence unit 'default'
2026-05-19T00:17:22.129-04:00  INFO 11136 --- [user-service] [SpringApplicationShutdownHook] com.zaxxer.hikari.HikariDataSource       : HikariPool-1 - Shutdown initiated...
2026-05-19T00:17:22.146-04:00  INFO 11136 --- [user-service] [SpringApplicationShutdownHook] com.zaxxer.hikari.HikariDataSource       : HikariPool-1 - Shutdown completed.
2026-05-19T17:25:43.768-04:00  INFO 9524 --- [user-service] [main] c.e.userservice.UserServiceApplication   : Starting UserServiceApplication using Java 21.0.10 with PID 9524 (C:\Users\Lenovo\Arena-Gamer\user-service\target\classes started by Lenovo in C:\Users\Lenovo\Arena-Gamer\user-service)
2026-05-19T17:25:43.768-04:00 DEBUG 9524 --- [user-service] [main] c.e.userservice.UserServiceApplication   : Running with Spring Boot v3.2.0, Spring v6.1.1
2026-05-19T17:25:43.768-04:00  INFO 9524 --- [user-service] [main] c.e.userservice.UserServiceApplication   : The following 1 profile is active: "h2"
2026-05-19T17:25:44.636-04:00  INFO 9524 --- [user-service] [main] .s.d.r.c.RepositoryConfigurationDelegate : Bootstrapping Spring Data JPA repositories in DEFAULT mode.
2026-05-19T17:25:44.699-04:00  INFO 9524 --- [user-service] [main] .s.d.r.c.RepositoryConfigurationDelegate : Finished Spring Data repository scanning in 56 ms. Found 1 JPA repository interface.
2026-05-19T17:25:45.363-04:00  INFO 9524 --- [user-service] [main] o.s.b.w.embedded.tomcat.TomcatWebServer  : Tomcat initialized with port 8081 (http)
2026-05-19T17:25:45.374-04:00  INFO 9524 --- [user-service] [main] o.apache.catalina.core.StandardService   : Starting service [Tomcat]
2026-05-19T17:25:45.374-04:00  INFO 9524 --- [user-service] [main] o.apache.catalina.core.StandardEngine    : Starting Servlet engine: [Apache Tomcat/10.1.16]
2026-05-19T17:25:45.445-04:00  INFO 9524 --- [user-service] [main] o.a.c.c.C.[Tomcat].[localhost].[/]       : Initializing Spring embedded WebApplicationContext
2026-05-19T17:25:45.445-04:00  INFO 9524 --- [user-service] [main] w.s.c.ServletWebServerApplicationContext : Root WebApplicationContext: initialization completed in 1613 ms
2026-05-19T17:25:45.476-04:00  INFO 9524 --- [user-service] [main] com.zaxxer.hikari.HikariDataSource       : HikariPool-1 - Starting...
2026-05-19T17:25:45.667-04:00  INFO 9524 --- [user-service] [main] com.zaxxer.hikari.pool.HikariPool        : HikariPool-1 - Added connection conn0: url=jdbc:h2:mem:db_users user=SA
2026-05-19T17:25:45.667-04:00  INFO 9524 --- [user-service] [main] com.zaxxer.hikari.HikariDataSource       : HikariPool-1 - Start completed.
2026-05-19T17:25:45.683-04:00  INFO 9524 --- [user-service] [main] o.s.b.a.h2.H2ConsoleAutoConfiguration    : H2 console available at '/h2-console'. Database available at 'jdbc:h2:mem:db_users'
2026-05-19T17:25:45.858-04:00  INFO 9524 --- [user-service] [main] o.hibernate.jpa.internal.util.LogHelper  : HHH000204: Processing PersistenceUnitInfo [name: default]
2026-05-19T17:25:45.938-04:00  INFO 9524 --- [user-service] [main] org.hibernate.Version                    : HHH000412: Hibernate ORM core version 6.3.1.Final
2026-05-19T17:25:45.986-04:00  INFO 9524 --- [user-service] [main] o.h.c.internal.RegionFactoryInitiator    : HHH000026: Second-level cache disabled
2026-05-19T17:25:46.238-04:00  INFO 9524 --- [user-service] [main] o.s.o.j.p.SpringPersistenceUnitInfo      : No LoadTimeWeaver setup: ignoring JPA class transformer
2026-05-19T17:25:46.286-04:00  WARN 9524 --- [user-service] [main] org.hibernate.orm.deprecation            : HHH90000025: H2Dialect does not need to be specified explicitly using 'hibernate.dialect' (remove the property setting and it will be selected by default)
2026-05-19T17:25:47.067-04:00  INFO 9524 --- [user-service] [main] o.h.e.t.j.p.i.JtaPlatformInitiator       : HHH000489: No JTA platform available (set 'hibernate.transaction.jta.platform' to enable JTA platform integration)
2026-05-19T17:25:47.115-04:00  INFO 9524 --- [user-service] [main] j.LocalContainerEntityManagerFactoryBean : Initialized JPA EntityManagerFactory for persistence unit 'default'
2026-05-19T17:25:47.544-04:00  WARN 9524 --- [user-service] [main] JpaBaseConfiguration$JpaWebConfiguration : spring.jpa.open-in-view is enabled by default. Therefore, database queries may be performed during view rendering. Explicitly configure spring.jpa.open-in-view to disable this warning
2026-05-19T17:25:47.924-04:00  INFO 9524 --- [user-service] [main] o.s.s.web.DefaultSecurityFilterChain     : Will secure any request with [org.springframework.security.web.session.DisableEncodeUrlFilter@29ddaa8e, org.springframework.security.web.context.request.async.WebAsyncManagerIntegrationFilter@4c678a1f, org.springframework.security.web.context.SecurityContextHolderFilter@74ab8610, org.springframework.security.web.header.HeaderWriterFilter@39acf187, org.springframework.web.filter.CorsFilter@217009bd, org.springframework.security.web.authentication.logout.LogoutFilter@3e984100, org.springframework.security.web.authentication.www.BasicAuthenticationFilter@2e096ac0, org.springframework.security.web.savedrequest.RequestCacheAwareFilter@296949c8, org.springframework.security.web.servletapi.SecurityContextHolderAwareRequestFilter@1be3a294, org.springframework.security.web.authentication.AnonymousAuthenticationFilter@6046fba0, org.springframework.security.web.session.SessionManagementFilter@5af1b221, org.springframework.security.web.access.ExceptionTranslationFilter@49741e80, org.springframework.security.web.access.intercept.AuthorizationFilter@6ac0fd1d]
2026-05-19T17:25:48.210-04:00  INFO 9524 --- [user-service] [main] o.s.b.w.embedded.tomcat.TomcatWebServer  : Tomcat started on port 8081 (http) with context path ''
2026-05-19T17:25:48.226-04:00  INFO 9524 --- [user-service] [main] c.e.userservice.UserServiceApplication   : Started UserServiceApplication in 5.034 seconds (process running for 5.551)
2026-05-19T17:27:00.776-04:00  INFO 20928 --- [user-service] [main] c.e.userservice.UserServiceApplication   : Starting UserServiceApplication using Java 21.0.10 with PID 20928 (C:\Users\Lenovo\Arena-Gamer\user-service\target\classes started by Lenovo in C:\Users\Lenovo\Arena-Gamer\user-service)
2026-05-19T17:27:00.780-04:00 DEBUG 20928 --- [user-service] [main] c.e.userservice.UserServiceApplication   : Running with Spring Boot v3.2.0, Spring v6.1.1
2026-05-19T17:27:00.782-04:00  INFO 20928 --- [user-service] [main] c.e.userservice.UserServiceApplication   : The following 1 profile is active: "h2"
2026-05-19T17:27:02.726-04:00  INFO 20928 --- [user-service] [main] .s.d.r.c.RepositoryConfigurationDelegate : Bootstrapping Spring Data JPA repositories in DEFAULT mode.
2026-05-19T17:27:02.875-04:00  INFO 20928 --- [user-service] [main] .s.d.r.c.RepositoryConfigurationDelegate : Finished Spring Data repository scanning in 125 ms. Found 1 JPA repository interface.
2026-05-19T17:27:04.279-04:00  INFO 20928 --- [user-service] [main] o.s.b.w.embedded.tomcat.TomcatWebServer  : Tomcat initialized with port 8081 (http)
2026-05-19T17:27:04.298-04:00  INFO 20928 --- [user-service] [main] o.apache.catalina.core.StandardService   : Starting service [Tomcat]
2026-05-19T17:27:04.298-04:00  INFO 20928 --- [user-service] [main] o.apache.catalina.core.StandardEngine    : Starting Servlet engine: [Apache Tomcat/10.1.16]
2026-05-19T17:27:04.441-04:00  INFO 20928 --- [user-service] [main] o.a.c.c.C.[Tomcat].[localhost].[/]       : Initializing Spring embedded WebApplicationContext
2026-05-19T17:27:04.441-04:00  INFO 20928 --- [user-service] [main] w.s.c.ServletWebServerApplicationContext : Root WebApplicationContext: initialization completed in 3527 ms
2026-05-19T17:27:04.526-04:00  INFO 20928 --- [user-service] [main] com.zaxxer.hikari.HikariDataSource       : HikariPool-1 - Starting...
2026-05-19T17:27:04.911-04:00  INFO 20928 --- [user-service] [main] com.zaxxer.hikari.pool.HikariPool        : HikariPool-1 - Added connection conn0: url=jdbc:h2:mem:db_users user=SA
2026-05-19T17:27:04.914-04:00  INFO 20928 --- [user-service] [main] com.zaxxer.hikari.HikariDataSource       : HikariPool-1 - Start completed.
2026-05-19T17:27:04.937-04:00  INFO 20928 --- [user-service] [main] o.s.b.a.h2.H2ConsoleAutoConfiguration    : H2 console available at '/h2-console'. Database available at 'jdbc:h2:mem:db_users'
2026-05-19T17:27:05.210-04:00  INFO 20928 --- [user-service] [main] o.hibernate.jpa.internal.util.LogHelper  : HHH000204: Processing PersistenceUnitInfo [name: default]
2026-05-19T17:27:05.329-04:00  INFO 20928 --- [user-service] [main] org.hibernate.Version                    : HHH000412: Hibernate ORM core version 6.3.1.Final
2026-05-19T17:27:05.393-04:00  INFO 20928 --- [user-service] [main] o.h.c.internal.RegionFactoryInitiator    : HHH000026: Second-level cache disabled
2026-05-19T17:27:05.805-04:00  INFO 20928 --- [user-service] [main] o.s.o.j.p.SpringPersistenceUnitInfo      : No LoadTimeWeaver setup: ignoring JPA class transformer
2026-05-19T17:27:05.885-04:00  WARN 20928 --- [user-service] [main] org.hibernate.orm.deprecation            : HHH90000025: H2Dialect does not need to be specified explicitly using 'hibernate.dialect' (remove the property setting and it will be selected by default)
2026-05-19T17:27:07.331-04:00  INFO 20928 --- [user-service] [main] o.h.e.t.j.p.i.JtaPlatformInitiator       : HHH000489: No JTA platform available (set 'hibernate.transaction.jta.platform' to enable JTA platform integration)
2026-05-19T17:27:07.426-04:00  INFO 20928 --- [user-service] [main] j.LocalContainerEntityManagerFactoryBean : Initialized JPA EntityManagerFactory for persistence unit 'default'
2026-05-19T17:27:08.126-04:00  WARN 20928 --- [user-service] [main] JpaBaseConfiguration$JpaWebConfiguration : spring.jpa.open-in-view is enabled by default. Therefore, database queries may be performed during view rendering. Explicitly configure spring.jpa.open-in-view to disable this warning
2026-05-19T17:27:08.761-04:00  INFO 20928 --- [user-service] [main] o.s.s.web.DefaultSecurityFilterChain     : Will secure any request with [org.springframework.security.web.session.DisableEncodeUrlFilter@1c15a6aa, org.springframework.security.web.context.request.async.WebAsyncManagerIntegrationFilter@7dc963be, org.springframework.security.web.context.SecurityContextHolderFilter@5d24703e, org.springframework.security.web.header.HeaderWriterFilter@3d2ff73a, org.springframework.web.filter.CorsFilter@61c4fc34, org.springframework.security.web.authentication.logout.LogoutFilter@7ca7bddd, org.springframework.security.web.authentication.www.BasicAuthenticationFilter@712213ed, org.springframework.security.web.savedrequest.RequestCacheAwareFilter@749ffdc7, org.springframework.security.web.servletapi.SecurityContextHolderAwareRequestFilter@690e7b89, org.springframework.security.web.authentication.AnonymousAuthenticationFilter@6f9999f6, org.springframework.security.web.session.SessionManagementFilter@2686a801, org.springframework.security.web.access.ExceptionTranslationFilter@6e4bccc, org.springframework.security.web.access.intercept.AuthorizationFilter@3b3b2290]
2026-05-19T17:27:09.349-04:00  INFO 20928 --- [user-service] [main] o.s.b.w.embedded.tomcat.TomcatWebServer  : Tomcat started on port 8081 (http) with context path ''
2026-05-19T17:27:09.349-04:00  INFO 20928 --- [user-service] [main] c.e.userservice.UserServiceApplication   : Started UserServiceApplication in 9.575 seconds (process running for 10.53)
