2026-07-13T21:15:31.481-04:00  INFO 2308 --- [station-service] [main] c.e.s.StationServiceApplicationTests     : Starting StationServiceApplicationTests using Java 21.0.10 with PID 2308 (started by pc gamer in C:\Users\pc gamer\Documents\Arena-Gamer\station-service)
2026-07-13T21:15:31.486-04:00 DEBUG 2308 --- [station-service] [main] c.e.s.StationServiceApplicationTests     : Running with Spring Boot v3.2.0, Spring v6.1.1
2026-07-13T21:15:31.487-04:00  INFO 2308 --- [station-service] [main] c.e.s.StationServiceApplicationTests     : The following 1 profile is active: "h2"
2026-07-13T21:15:32.624-04:00  INFO 2308 --- [station-service] [main] .s.d.r.c.RepositoryConfigurationDelegate : Bootstrapping Spring Data JPA repositories in DEFAULT mode.
2026-07-13T21:15:32.683-04:00  INFO 2308 --- [station-service] [main] .s.d.r.c.RepositoryConfigurationDelegate : Finished Spring Data repository scanning in 48 ms. Found 1 JPA repository interface.
2026-07-13T21:15:33.311-04:00  INFO 2308 --- [station-service] [main] o.hibernate.jpa.internal.util.LogHelper  : HHH000204: Processing PersistenceUnitInfo [name: default]
2026-07-13T21:15:33.385-04:00  INFO 2308 --- [station-service] [main] org.hibernate.Version                    : HHH000412: Hibernate ORM core version 6.3.1.Final
2026-07-13T21:15:33.428-04:00  INFO 2308 --- [station-service] [main] o.h.c.internal.RegionFactoryInitiator    : HHH000026: Second-level cache disabled
2026-07-13T21:15:33.575-04:00  INFO 2308 --- [station-service] [main] o.s.o.j.p.SpringPersistenceUnitInfo      : No LoadTimeWeaver setup: ignoring JPA class transformer
2026-07-13T21:15:33.612-04:00  INFO 2308 --- [station-service] [main] com.zaxxer.hikari.HikariDataSource       : HikariPool-1 - Starting...
2026-07-13T21:15:33.963-04:00  INFO 2308 --- [station-service] [main] com.zaxxer.hikari.pool.HikariPool        : HikariPool-1 - Added connection conn0: url=jdbc:h2:mem:db_stations user=SA
2026-07-13T21:15:33.966-04:00  INFO 2308 --- [station-service] [main] com.zaxxer.hikari.HikariDataSource       : HikariPool-1 - Start completed.
2026-07-13T21:15:34.011-04:00  WARN 2308 --- [station-service] [main] org.hibernate.orm.deprecation            : HHH90000025: H2Dialect does not need to be specified explicitly using 'hibernate.dialect' (remove the property setting and it will be selected by default)
2026-07-13T21:15:34.803-04:00  INFO 2308 --- [station-service] [main] o.h.e.t.j.p.i.JtaPlatformInitiator       : HHH000489: No JTA platform available (set 'hibernate.transaction.jta.platform' to enable JTA platform integration)
2026-07-13T21:15:34.849-04:00  INFO 2308 --- [station-service] [main] j.LocalContainerEntityManagerFactoryBean : Initialized JPA EntityManagerFactory for persistence unit 'default'
2026-07-13T21:15:35.372-04:00  WARN 2308 --- [station-service] [main] JpaBaseConfiguration$JpaWebConfiguration : spring.jpa.open-in-view is enabled by default. Therefore, database queries may be performed during view rendering. Explicitly configure spring.jpa.open-in-view to disable this warning
2026-07-13T21:15:35.925-04:00  INFO 2308 --- [station-service] [main] o.s.s.web.DefaultSecurityFilterChain     : Will secure any request with [org.springframework.security.web.session.DisableEncodeUrlFilter@2e6fabf5, org.springframework.security.web.context.request.async.WebAsyncManagerIntegrationFilter@581b72a5, org.springframework.security.web.context.SecurityContextHolderFilter@24da3c3b, org.springframework.security.web.header.HeaderWriterFilter@1e34a7a3, org.springframework.web.filter.CorsFilter@7fab829a, org.springframework.security.web.authentication.logout.LogoutFilter@5bd62f9d, org.springframework.security.web.authentication.www.BasicAuthenticationFilter@7030c643, org.springframework.security.web.savedrequest.RequestCacheAwareFilter@3fdcbaf4, org.springframework.security.web.servletapi.SecurityContextHolderAwareRequestFilter@51b635fc, org.springframework.security.web.authentication.AnonymousAuthenticationFilter@2ff74dc2, org.springframework.security.web.session.SessionManagementFilter@205f33f3, org.springframework.security.web.access.ExceptionTranslationFilter@5b4a84c0, org.springframework.security.web.access.intercept.AuthorizationFilter@2c02c021]
2026-07-13T21:15:36.300-04:00  INFO 2308 --- [station-service] [main] o.s.b.a.h2.H2ConsoleAutoConfiguration    : H2 console available at '/h2-console'. Database available at 'jdbc:h2:mem:db_stations'
2026-07-13T21:15:36.382-04:00  INFO 2308 --- [station-service] [main] c.e.s.StationServiceApplicationTests     : Started StationServiceApplicationTests in 5.36 seconds (process running for 8.497)
2026-07-13T21:15:36.943-04:00  INFO 2308 --- [station-service] [SpringApplicationShutdownHook] j.LocalContainerEntityManagerFactoryBean : Closing JPA EntityManagerFactory for persistence unit 'default'
2026-07-13T21:15:37.123-04:00  INFO 2308 --- [station-service] [SpringApplicationShutdownHook] com.zaxxer.hikari.HikariDataSource       : HikariPool-1 - Shutdown initiated...
2026-07-13T21:15:37.126-04:00  INFO 2308 --- [station-service] [SpringApplicationShutdownHook] com.zaxxer.hikari.HikariDataSource       : HikariPool-1 - Shutdown completed.
