2026-05-19T00:59:29.943-04:00  INFO 27196 --- [arena-wallet] [restartedMain] c.e.arenawallet.ArenaWalletApplication   : Starting ArenaWalletApplication using Java 25 with PID 27196 (C:\Users\mipip\IdeaProjects\Arena-Gamer\arena-wallet\target\classes started by mipip in C:\Users\mipip\IdeaProjects\Arena-Gamer)
2026-05-19T00:59:29.944-04:00 DEBUG 27196 --- [arena-wallet] [restartedMain] c.e.arenawallet.ArenaWalletApplication   : Running with Spring Boot v3.2.0, Spring v6.1.1
2026-05-19T00:59:29.944-04:00  INFO 27196 --- [arena-wallet] [restartedMain] c.e.arenawallet.ArenaWalletApplication   : The following 1 profile is active: "h2"
2026-05-19T00:59:29.974-04:00  INFO 27196 --- [arena-wallet] [restartedMain] .e.DevToolsPropertyDefaultsPostProcessor : Devtools property defaults active! Set 'spring.devtools.add-properties' to 'false' to disable
2026-05-19T00:59:29.974-04:00  INFO 27196 --- [arena-wallet] [restartedMain] .e.DevToolsPropertyDefaultsPostProcessor : For additional web related logging consider setting the 'logging.level.web' property to 'DEBUG'
2026-05-19T00:59:30.387-04:00  INFO 27196 --- [arena-wallet] [restartedMain] .s.d.r.c.RepositoryConfigurationDelegate : Bootstrapping Spring Data JPA repositories in DEFAULT mode.
2026-05-19T00:59:30.419-04:00  INFO 27196 --- [arena-wallet] [restartedMain] .s.d.r.c.RepositoryConfigurationDelegate : Finished Spring Data repository scanning in 23 ms. Found 2 JPA repository interfaces.
2026-05-19T00:59:30.542-04:00  INFO 27196 --- [arena-wallet] [restartedMain] o.s.cloud.context.scope.GenericScope     : BeanFactory id=7c236267-6969-3958-a1b4-6ef068006ee5
2026-05-19T00:59:30.923-04:00  INFO 27196 --- [arena-wallet] [restartedMain] o.s.b.w.embedded.tomcat.TomcatWebServer  : Tomcat initialized with port 8085 (http)
2026-05-19T00:59:30.929-04:00  INFO 27196 --- [arena-wallet] [restartedMain] o.apache.catalina.core.StandardService   : Starting service [Tomcat]
2026-05-19T00:59:30.929-04:00  INFO 27196 --- [arena-wallet] [restartedMain] o.apache.catalina.core.StandardEngine    : Starting Servlet engine: [Apache Tomcat/10.1.16]
2026-05-19T00:59:30.974-04:00  INFO 27196 --- [arena-wallet] [restartedMain] o.a.c.c.C.[Tomcat].[localhost].[/]       : Initializing Spring embedded WebApplicationContext
2026-05-19T00:59:30.975-04:00  INFO 27196 --- [arena-wallet] [restartedMain] w.s.c.ServletWebServerApplicationContext : Root WebApplicationContext: initialization completed in 1000 ms
2026-05-19T00:59:31.000-04:00  INFO 27196 --- [arena-wallet] [restartedMain] com.zaxxer.hikari.HikariDataSource       : HikariPool-1 - Starting...
2026-05-19T00:59:31.115-04:00  INFO 27196 --- [arena-wallet] [restartedMain] com.zaxxer.hikari.pool.HikariPool        : HikariPool-1 - Added connection conn0: url=jdbc:h2:mem:wallet_db user=SA
2026-05-19T00:59:31.116-04:00  INFO 27196 --- [arena-wallet] [restartedMain] com.zaxxer.hikari.HikariDataSource       : HikariPool-1 - Start completed.
2026-05-19T00:59:31.122-04:00  INFO 27196 --- [arena-wallet] [restartedMain] o.s.b.a.h2.H2ConsoleAutoConfiguration    : H2 console available at '/h2-console'. Database available at 'jdbc:h2:mem:wallet_db'
2026-05-19T00:59:31.230-04:00  INFO 27196 --- [arena-wallet] [restartedMain] o.hibernate.jpa.internal.util.LogHelper  : HHH000204: Processing PersistenceUnitInfo [name: default]
2026-05-19T00:59:31.259-04:00  INFO 27196 --- [arena-wallet] [restartedMain] org.hibernate.Version                    : HHH000412: Hibernate ORM core version 6.3.1.Final
2026-05-19T00:59:31.279-04:00  INFO 27196 --- [arena-wallet] [restartedMain] o.h.c.internal.RegionFactoryInitiator    : HHH000026: Second-level cache disabled
2026-05-19T00:59:31.397-04:00  INFO 27196 --- [arena-wallet] [restartedMain] o.s.o.j.p.SpringPersistenceUnitInfo      : No LoadTimeWeaver setup: ignoring JPA class transformer
2026-05-19T00:59:31.423-04:00  WARN 27196 --- [arena-wallet] [restartedMain] org.hibernate.orm.deprecation            : HHH90000025: H2Dialect does not need to be specified explicitly using 'hibernate.dialect' (remove the property setting and it will be selected by default)
2026-05-19T00:59:31.860-04:00  INFO 27196 --- [arena-wallet] [restartedMain] o.h.e.t.j.p.i.JtaPlatformInitiator       : HHH000489: No JTA platform available (set 'hibernate.transaction.jta.platform' to enable JTA platform integration)
2026-05-19T00:59:31.906-04:00  INFO 27196 --- [arena-wallet] [restartedMain] j.LocalContainerEntityManagerFactoryBean : Initialized JPA EntityManagerFactory for persistence unit 'default'
2026-05-19T00:59:32.231-04:00  WARN 27196 --- [arena-wallet] [restartedMain] JpaBaseConfiguration$JpaWebConfiguration : spring.jpa.open-in-view is enabled by default. Therefore, database queries may be performed during view rendering. Explicitly configure spring.jpa.open-in-view to disable this warning
2026-05-19T00:59:32.711-04:00  WARN 27196 --- [arena-wallet] [restartedMain] o.s.b.d.a.OptionalLiveReloadServer       : Unable to start LiveReload server
2026-05-19T00:59:32.801-04:00  INFO 27196 --- [arena-wallet] [restartedMain] o.s.b.w.embedded.tomcat.TomcatWebServer  : Tomcat started on port 8085 (http) with context path ''
2026-05-19T00:59:32.809-04:00  INFO 27196 --- [arena-wallet] [restartedMain] c.e.arenawallet.ArenaWalletApplication   : Started ArenaWalletApplication in 3.167 seconds (process running for 3.577)
2026-05-19T01:01:25.034-04:00  INFO 27196 --- [arena-wallet] [SpringApplicationShutdownHook] j.LocalContainerEntityManagerFactoryBean : Closing JPA EntityManagerFactory for persistence unit 'default'
2026-05-19T01:01:25.038-04:00  WARN 27196 --- [arena-wallet] [SpringApplicationShutdownHook] o.s.b.f.support.DisposableBeanAdapter    : Invocation of destroy method failed on bean with name 'inMemoryDatabaseShutdownExecutor': org.h2.jdbc.JdbcSQLNonTransientConnectionException: La base de datos ya esta cerrada (para des-habilitar el cerrado automatico durante el shutdown de la VM, agregue ";DB_CLOSE_ON_EXIT=FALSE" a la URL de conexión)
Database is already closed (to disable automatic closing at VM shutdown, add ";DB_CLOSE_ON_EXIT=FALSE" to the db URL) [90121-224]
2026-05-19T01:01:25.038-04:00  INFO 27196 --- [arena-wallet] [SpringApplicationShutdownHook] com.zaxxer.hikari.HikariDataSource       : HikariPool-1 - Shutdown initiated...
2026-05-19T01:01:25.039-04:00  INFO 27196 --- [arena-wallet] [SpringApplicationShutdownHook] com.zaxxer.hikari.HikariDataSource       : HikariPool-1 - Shutdown completed.
