2026-06-16T01:33:35.075-04:00  INFO 6032 --- [station-service] [main] c.e.s.StationServiceApplication          : Starting StationServiceApplication using Java 21.0.10 with PID 6032 (C:\Users\Lenovo\IdeaProjects\station-service\target\classes started by Lenovo in C:\Users\Lenovo\IdeaProjects)
2026-06-16T01:33:35.079-04:00 DEBUG 6032 --- [station-service] [main] c.e.s.StationServiceApplication          : Running with Spring Boot v3.2.0, Spring v6.1.1
2026-06-16T01:33:35.081-04:00  INFO 6032 --- [station-service] [main] c.e.s.StationServiceApplication          : The following 1 profile is active: "h2"
2026-06-16T01:33:36.757-04:00  INFO 6032 --- [station-service] [main] .s.d.r.c.RepositoryConfigurationDelegate : Bootstrapping Spring Data JPA repositories in DEFAULT mode.
2026-06-16T01:33:36.887-04:00  INFO 6032 --- [station-service] [main] .s.d.r.c.RepositoryConfigurationDelegate : Finished Spring Data repository scanning in 118 ms. Found 1 JPA repository interface.
2026-06-16T01:33:37.968-04:00  INFO 6032 --- [station-service] [main] o.s.b.w.embedded.tomcat.TomcatWebServer  : Tomcat initialized with port 8083 (http)
2026-06-16T01:33:37.987-04:00  INFO 6032 --- [station-service] [main] o.apache.catalina.core.StandardService   : Starting service [Tomcat]
2026-06-16T01:33:37.987-04:00  INFO 6032 --- [station-service] [main] o.apache.catalina.core.StandardEngine    : Starting Servlet engine: [Apache Tomcat/10.1.16]
2026-06-16T01:33:38.078-04:00  INFO 6032 --- [station-service] [main] o.a.c.c.C.[Tomcat].[localhost].[/]       : Initializing Spring embedded WebApplicationContext
2026-06-16T01:33:38.078-04:00  INFO 6032 --- [station-service] [main] w.s.c.ServletWebServerApplicationContext : Root WebApplicationContext: initialization completed in 2927 ms
2026-06-16T01:33:38.139-04:00  INFO 6032 --- [station-service] [main] com.zaxxer.hikari.HikariDataSource       : HikariPool-1 - Starting...
2026-06-16T01:33:38.393-04:00  INFO 6032 --- [station-service] [main] com.zaxxer.hikari.pool.HikariPool        : HikariPool-1 - Added connection conn0: url=jdbc:h2:mem:db_stations user=SA
2026-06-16T01:33:38.394-04:00  INFO 6032 --- [station-service] [main] com.zaxxer.hikari.HikariDataSource       : HikariPool-1 - Start completed.
2026-06-16T01:33:38.404-04:00  INFO 6032 --- [station-service] [main] o.s.b.a.h2.H2ConsoleAutoConfiguration    : H2 console available at '/h2-console'. Database available at 'jdbc:h2:mem:db_stations'
2026-06-16T01:33:38.699-04:00  INFO 6032 --- [station-service] [main] o.hibernate.jpa.internal.util.LogHelper  : HHH000204: Processing PersistenceUnitInfo [name: default]
2026-06-16T01:33:38.756-04:00  INFO 6032 --- [station-service] [main] org.hibernate.Version                    : HHH000412: Hibernate ORM core version 6.3.1.Final
2026-06-16T01:33:38.804-04:00  INFO 6032 --- [station-service] [main] o.h.c.internal.RegionFactoryInitiator    : HHH000026: Second-level cache disabled
2026-06-16T01:33:39.030-04:00  INFO 6032 --- [station-service] [main] o.s.o.j.p.SpringPersistenceUnitInfo      : No LoadTimeWeaver setup: ignoring JPA class transformer
2026-06-16T01:33:39.068-04:00  WARN 6032 --- [station-service] [main] org.hibernate.orm.deprecation            : HHH90000025: H2Dialect does not need to be specified explicitly using 'hibernate.dialect' (remove the property setting and it will be selected by default)
2026-06-16T01:33:39.934-04:00  INFO 6032 --- [station-service] [main] o.h.e.t.j.p.i.JtaPlatformInitiator       : HHH000489: No JTA platform available (set 'hibernate.transaction.jta.platform' to enable JTA platform integration)
2026-06-16T01:33:40.012-04:00  INFO 6032 --- [station-service] [main] j.LocalContainerEntityManagerFactoryBean : Initialized JPA EntityManagerFactory for persistence unit 'default'
2026-06-16T01:33:40.639-04:00  WARN 6032 --- [station-service] [main] JpaBaseConfiguration$JpaWebConfiguration : spring.jpa.open-in-view is enabled by default. Therefore, database queries may be performed during view rendering. Explicitly configure spring.jpa.open-in-view to disable this warning
2026-06-16T01:33:41.163-04:00  INFO 6032 --- [station-service] [main] o.s.s.web.DefaultSecurityFilterChain     : Will secure any request with [org.springframework.security.web.session.DisableEncodeUrlFilter@e280006, org.springframework.security.web.context.request.async.WebAsyncManagerIntegrationFilter@54e3cba2, org.springframework.security.web.context.SecurityContextHolderFilter@363e2009, org.springframework.security.web.header.HeaderWriterFilter@1a67bde5, org.springframework.web.filter.CorsFilter@4f1aa2bc, org.springframework.security.web.authentication.logout.LogoutFilter@3a286095, org.springframework.security.web.authentication.www.BasicAuthenticationFilter@3ecc9baa, org.springframework.security.web.savedrequest.RequestCacheAwareFilter@3615f8d9, org.springframework.security.web.servletapi.SecurityContextHolderAwareRequestFilter@5d200dce, org.springframework.security.web.authentication.AnonymousAuthenticationFilter@13e5c53c, org.springframework.security.web.session.SessionManagementFilter@76876421, org.springframework.security.web.access.ExceptionTranslationFilter@5eed2edf, org.springframework.security.web.access.intercept.AuthorizationFilter@13976c57]
2026-06-16T01:33:41.590-04:00  INFO 6032 --- [station-service] [main] o.s.b.w.embedded.tomcat.TomcatWebServer  : Tomcat started on port 8083 (http) with context path ''
2026-06-16T01:33:41.597-04:00  INFO 6032 --- [station-service] [main] c.e.s.StationServiceApplication          : Started StationServiceApplication in 7.281 seconds (process running for 9.035)
2026-06-16T01:33:47.756-04:00  INFO 6032 --- [station-service] [http-nio-8083-exec-1] o.a.c.c.C.[Tomcat].[localhost].[/]       : Initializing Spring DispatcherServlet 'dispatcherServlet'
2026-06-16T01:33:47.764-04:00  INFO 6032 --- [station-service] [http-nio-8083-exec-1] o.s.web.servlet.DispatcherServlet        : Initializing Servlet 'dispatcherServlet'
2026-06-16T01:33:47.767-04:00  INFO 6032 --- [station-service] [http-nio-8083-exec-1] o.s.web.servlet.DispatcherServlet        : Completed initialization in 3 ms
2026-06-16T01:33:47.781-04:00  WARN 6032 --- [station-service] [http-nio-8083-exec-1] o.s.w.s.h.HandlerMappingIntrospector     : Cache miss for REQUEST dispatch to '/swagger-ui/index.html' (previous null). Performing CorsConfiguration lookup. This is logged once only at WARN level, and every time at TRACE.
2026-06-16T01:33:47.826-04:00  WARN 6032 --- [station-service] [http-nio-8083-exec-1] o.s.w.s.h.HandlerMappingIntrospector     : Cache miss for REQUEST dispatch to '/swagger-ui/index.html' (previous null). Performing MatchableHandlerMapping lookup. This is logged once only at WARN level, and every time at TRACE.
2026-06-16T01:33:49.012-04:00  INFO 6032 --- [station-service] [http-nio-8083-exec-9] o.springdoc.api.AbstractOpenApiResource  : Init duration for springdoc-openapi is: 662 ms
2026-06-16T01:35:25.901-04:00  INFO 6032 --- [station-service] [SpringApplicationShutdownHook] j.LocalContainerEntityManagerFactoryBean : Closing JPA EntityManagerFactory for persistence unit 'default'
2026-06-16T01:35:25.908-04:00  INFO 6032 --- [station-service] [SpringApplicationShutdownHook] com.zaxxer.hikari.HikariDataSource       : HikariPool-1 - Shutdown initiated...
2026-06-16T01:35:25.910-04:00  INFO 6032 --- [station-service] [SpringApplicationShutdownHook] com.zaxxer.hikari.HikariDataSource       : HikariPool-1 - Shutdown completed.
