2026-07-13T00:16:42.871-04:00  INFO 2952 --- [user-service] [main] c.e.userservice.UserServiceApplication   : Starting UserServiceApplication using Java 21.0.10 with PID 2952 (C:\Users\Lenovo\IdeaProjects\user-service\target\classes started by Lenovo in C:\Users\Lenovo\IdeaProjects)
2026-07-13T00:16:42.880-04:00 DEBUG 2952 --- [user-service] [main] c.e.userservice.UserServiceApplication   : Running with Spring Boot v3.2.0, Spring v6.1.1
2026-07-13T00:16:42.880-04:00  INFO 2952 --- [user-service] [main] c.e.userservice.UserServiceApplication   : The following 1 profile is active: "mysql"
2026-07-13T00:16:45.662-04:00  INFO 2952 --- [user-service] [main] .s.d.r.c.RepositoryConfigurationDelegate : Bootstrapping Spring Data JPA repositories in DEFAULT mode.
2026-07-13T00:16:45.845-04:00  INFO 2952 --- [user-service] [main] .s.d.r.c.RepositoryConfigurationDelegate : Finished Spring Data repository scanning in 159 ms. Found 1 JPA repository interface.
2026-07-13T00:16:48.139-04:00  INFO 2952 --- [user-service] [main] o.s.b.w.embedded.tomcat.TomcatWebServer  : Tomcat initialized with port 8081 (http)
2026-07-13T00:16:48.177-04:00  INFO 2952 --- [user-service] [main] o.apache.catalina.core.StandardService   : Starting service [Tomcat]
2026-07-13T00:16:48.182-04:00  INFO 2952 --- [user-service] [main] o.apache.catalina.core.StandardEngine    : Starting Servlet engine: [Apache Tomcat/10.1.16]
2026-07-13T00:16:48.407-04:00  INFO 2952 --- [user-service] [main] o.a.c.c.C.[Tomcat].[localhost].[/]       : Initializing Spring embedded WebApplicationContext
2026-07-13T00:16:48.407-04:00  INFO 2952 --- [user-service] [main] w.s.c.ServletWebServerApplicationContext : Root WebApplicationContext: initialization completed in 5400 ms
2026-07-13T00:16:49.008-04:00  INFO 2952 --- [user-service] [main] o.hibernate.jpa.internal.util.LogHelper  : HHH000204: Processing PersistenceUnitInfo [name: default]
2026-07-13T00:16:49.292-04:00  INFO 2952 --- [user-service] [main] org.hibernate.Version                    : HHH000412: Hibernate ORM core version 6.3.1.Final
2026-07-13T00:16:49.412-04:00  INFO 2952 --- [user-service] [main] o.h.c.internal.RegionFactoryInitiator    : HHH000026: Second-level cache disabled
2026-07-13T00:16:50.323-04:00  INFO 2952 --- [user-service] [main] o.s.o.j.p.SpringPersistenceUnitInfo      : No LoadTimeWeaver setup: ignoring JPA class transformer
2026-07-13T00:16:50.420-04:00  INFO 2952 --- [user-service] [main] com.zaxxer.hikari.HikariDataSource       : HikariPool-1 - Starting...
2026-07-13T00:16:51.138-04:00  INFO 2952 --- [user-service] [main] com.zaxxer.hikari.pool.HikariPool        : HikariPool-1 - Added connection com.mysql.cj.jdbc.ConnectionImpl@580c17a0
2026-07-13T00:16:51.142-04:00  INFO 2952 --- [user-service] [main] com.zaxxer.hikari.HikariDataSource       : HikariPool-1 - Start completed.
2026-07-13T00:16:51.374-04:00  WARN 2952 --- [user-service] [main] org.hibernate.orm.deprecation            : HHH90000025: MySQLDialect does not need to be specified explicitly using 'hibernate.dialect' (remove the property setting and it will be selected by default)
2026-07-13T00:16:54.094-04:00  INFO 2952 --- [user-service] [main] o.h.e.t.j.p.i.JtaPlatformInitiator       : HHH000489: No JTA platform available (set 'hibernate.transaction.jta.platform' to enable JTA platform integration)
2026-07-13T00:16:54.265-04:00  INFO 2952 --- [user-service] [main] j.LocalContainerEntityManagerFactoryBean : Initialized JPA EntityManagerFactory for persistence unit 'default'
2026-07-13T00:16:56.093-04:00  WARN 2952 --- [user-service] [main] JpaBaseConfiguration$JpaWebConfiguration : spring.jpa.open-in-view is enabled by default. Therefore, database queries may be performed during view rendering. Explicitly configure spring.jpa.open-in-view to disable this warning
2026-07-13T00:16:57.002-04:00  INFO 2952 --- [user-service] [main] o.s.s.web.DefaultSecurityFilterChain     : Will secure any request with [org.springframework.security.web.session.DisableEncodeUrlFilter@25630ede, org.springframework.security.web.context.request.async.WebAsyncManagerIntegrationFilter@399acce3, org.springframework.security.web.context.SecurityContextHolderFilter@40ef385f, org.springframework.security.web.header.HeaderWriterFilter@46e38c28, org.springframework.web.filter.CorsFilter@18c432ed, org.springframework.security.web.authentication.logout.LogoutFilter@737ae41a, org.springframework.security.web.authentication.www.BasicAuthenticationFilter@562ec518, org.springframework.security.web.savedrequest.RequestCacheAwareFilter@28d728f1, org.springframework.security.web.servletapi.SecurityContextHolderAwareRequestFilter@51d6c42d, org.springframework.security.web.authentication.AnonymousAuthenticationFilter@206de1f, org.springframework.security.web.session.SessionManagementFilter@53813f01, org.springframework.security.web.access.ExceptionTranslationFilter@40e7aea9, org.springframework.security.web.access.intercept.AuthorizationFilter@797ca322]
2026-07-13T00:16:59.033-04:00  INFO 2952 --- [user-service] [main] o.s.b.w.embedded.tomcat.TomcatWebServer  : Tomcat started on port 8081 (http) with context path ''
2026-07-13T00:16:59.067-04:00  INFO 2952 --- [user-service] [main] c.e.userservice.UserServiceApplication   : Started UserServiceApplication in 17.233 seconds (process running for 18.536)
2026-07-13T00:17:50.261-04:00  INFO 2952 --- [user-service] [http-nio-8081-exec-1] o.a.c.c.C.[Tomcat].[localhost].[/]       : Initializing Spring DispatcherServlet 'dispatcherServlet'
2026-07-13T00:17:50.263-04:00  INFO 2952 --- [user-service] [http-nio-8081-exec-1] o.s.web.servlet.DispatcherServlet        : Initializing Servlet 'dispatcherServlet'
2026-07-13T00:17:50.264-04:00  INFO 2952 --- [user-service] [http-nio-8081-exec-1] o.s.web.servlet.DispatcherServlet        : Completed initialization in 1 ms
2026-07-13T00:17:50.301-04:00  WARN 2952 --- [user-service] [http-nio-8081-exec-1] o.s.w.s.h.HandlerMappingIntrospector     : Cache miss for REQUEST dispatch to '/api/users' (previous null). Performing CorsConfiguration lookup. This is logged once only at WARN level, and every time at TRACE.
2026-07-13T00:17:50.325-04:00  WARN 2952 --- [user-service] [http-nio-8081-exec-1] o.s.w.s.h.HandlerMappingIntrospector     : Cache miss for REQUEST dispatch to '/api/users' (previous null). Performing MatchableHandlerMapping lookup. This is logged once only at WARN level, and every time at TRACE.
2026-07-13T00:17:50.460-04:00  INFO 2952 --- [user-service] [http-nio-8081-exec-1] c.e.userservice.service.UserService      : Obtenidos 3 usuarios
2026-07-13T04:25:20.398-04:00  WARN 2952 --- [user-service] [HikariPool-1 housekeeper] com.zaxxer.hikari.pool.HikariPool        : HikariPool-1 - Thread starvation or clock leap detected (housekeeper delta=3h28s216ms267µs400ns).
2026-07-13T19:27:43.359-04:00  WARN 2952 --- [user-service] [HikariPool-1 housekeeper] com.zaxxer.hikari.pool.HikariPool        : HikariPool-1 - Thread starvation or clock leap detected (housekeeper delta=15h2m41s931ms118µs500ns).
2026-07-13T19:50:24.363-04:00  INFO 2952 --- [user-service] [SpringApplicationShutdownHook] j.LocalContainerEntityManagerFactoryBean : Closing JPA EntityManagerFactory for persistence unit 'default'
2026-07-13T19:50:24.435-04:00  INFO 2952 --- [user-service] [SpringApplicationShutdownHook] com.zaxxer.hikari.HikariDataSource       : HikariPool-1 - Shutdown initiated...
2026-07-13T19:50:24.460-04:00  INFO 2952 --- [user-service] [SpringApplicationShutdownHook] com.zaxxer.hikari.HikariDataSource       : HikariPool-1 - Shutdown completed.
